<?xml version="1.0" encoding="UTF-8"?>
<!-- Generated by org.testng.reporters.JUnitXMLReporter -->
<testsuite ignored="1" hostname="DESKTOP-00F8VL6" failures="1" tests="1" name="Regression Test with chrome" time="22.499" errors="0" timestamp="27 May 2022 01:36:11 GMT">
  <testcase classname="seleniumPack.AbhibusTest" name="verifyBusSearchFunctionWorkingForPastDate" time="5.746">
    <failure type="java.lang.AssertionError" message="[Title is not matching with some conditions] 
Expecting actual:
  &amp;quot;AbhiBus&amp;quot;
to start with:
  &amp;quot;Chennai&amp;quot;
">
      <![CDATA[java.lang.AssertionError: [Title is not matching with some conditions] 
Expecting actual:
  "AbhiBus"
to start with:
  "Chennai"

at seleniumPack.AbhibusTest.verifyBusSearchFunctionWorkingForPastDate(AbhibusTest.java:56)
... Removed 25 stack frames]]>
    </failure>
  </testcase> <!-- verifyBusSearchFunctionWorkingForPastDate -->
  <testcase classname="seleniumPack.AbhibusTest" name="verifyBusSearchFunctionWorkingForValidInput" time="0.0">
    <ignored/>
  </testcase> <!-- verifyBusSearchFunctionWorkingForValidInput -->
</testsuite> <!-- Regression Test with chrome -->
