<?xml version="1.0" encoding="UTF-8"?>
<!-- Generated by org.testng.reporters.JUnitXMLReporter -->
<testsuite ignored="1" hostname="DESKTOP-00F8VL6" failures="1" tests="14" name="Regression Test" time="17.389" errors="0" timestamp="25 May 2022 02:09:32 GMT">
  <testcase classname="seleniumPack.TestAnnotations" name="recordCreation" time="0.017"/>
  <testcase classname="seleniumPack.TestAnnotations" name="recordCreation" time="0.003"/>
  <testcase classname="seleniumPack.TestAnnotations" name="recordCreation" time="0.002"/>
  <testcase classname="seleniumPack.TestAnnotations" name="recordCreation" time="0.002"/>
  <testcase classname="seleniumPack.TestAnnotations" name="recordCreation" time="0.004"/>
  <testcase classname="seleniumPack.TestAnnotations" name="recordCreation" time="0.005"/>
  <testcase classname="seleniumPack.TestAnnotations" name="recordCreation" time="0.002"/>
  <testcase classname="seleniumPack.TestAnnotations" name="recordCreation" time="0.001"/>
  <testcase classname="seleniumPack.TestAnnotations" name="recordCreation" time="0.002"/>
  <testcase classname="seleniumPack.TestAnnotations" name="recordCreation" time="0.002"/>
  <testcase classname="seleniumPack.TestAnnotations" name="recordCreation" time="0.001"/>
  <testcase classname="seleniumPack.AbhibusTest" name="verifyBusSearchFunctionWorkingForPastDate" time="5.448">
    <failure type="java.lang.AssertionError" message="[Title is not matching with some conditions] 
Expecting actual:
  &amp;quot;AbhiBus&amp;quot;
to start with:
  &amp;quot;Chennai&amp;quot;
">
      <![CDATA[java.lang.AssertionError: [Title is not matching with some conditions] 
Expecting actual:
  "AbhiBus"
to start with:
  "Chennai"

at seleniumPack.AbhibusTest.verifyBusSearchFunctionWorkingForPastDate(AbhibusTest.java:47)
... Removed 25 stack frames]]>
    </failure>
  </testcase> <!-- verifyBusSearchFunctionWorkingForPastDate -->
  <testcase classname="seleniumPack.TestAnnotations" name="noPriority" time="0.001"/>
  <testcase classname="seleniumPack.TestAnnotations" name="paginationTest" time="0.001"/>
  <testcase classname="seleniumPack.AbhibusTest" name="verifyBusSearchFunctionWorkingForValidInput" time="0.0">
    <ignored/>
  </testcase> <!-- verifyBusSearchFunctionWorkingForValidInput -->
</testsuite> <!-- Regression Test -->
