<?xml version="1.0" encoding="UTF-8"?>
<testng-results ignored="2" total="4" passed="0" failed="2" skipped="0">
  <reporter-output>
  </reporter-output>
  <suite started-at="2022-05-27T01:35:48Z" name="Abhibus QA Automation" finished-at="2022-05-27T01:36:39Z" duration-ms="50586">
    <groups>
    </groups>
    <test started-at="2022-05-27T01:35:48Z" name="Regression Test with chrome" finished-at="2022-05-27T01:36:10Z" duration-ms="22499">
      <class name="seleniumPack.AbhibusTest">
        <test-method is-config="true" signature="beforeMethod(java.lang.String)[pri:0, instance:seleniumPack.AbhibusTest@2b4bac49]" started-at="2022-05-27T01:35:48Z" name="beforeMethod" finished-at="2022-05-27T01:36:02Z" duration-ms="14367" status="PASS">
          <params>
            <param index="0">
              <value>
                <![CDATA[chrome]]>
              </value>
            </param>
          </params>
          <reporter-output>
          </reporter-output>
        </test-method> <!-- beforeMethod -->
        <test-method signature="verifyBusSearchFunctionWorkingForPastDate()[pri:0, instance:seleniumPack.AbhibusTest@2b4bac49]" started-at="2022-05-27T01:36:02Z" name="verifyBusSearchFunctionWorkingForPastDate" finished-at="2022-05-27T01:36:08Z" duration-ms="5746" status="FAIL">
          <exception class="java.lang.AssertionError">
            <message>
              <![CDATA[[Title is not matching with some conditions] 
Expecting actual:
  "AbhiBus"
to start with:
  "Chennai"
]]>
            </message>
            <full-stacktrace>
              <![CDATA[java.lang.AssertionError: [Title is not matching with some conditions] 
Expecting actual:
  "AbhiBus"
to start with:
  "Chennai"

at seleniumPack.AbhibusTest.verifyBusSearchFunctionWorkingForPastDate(AbhibusTest.java:56)
at java.base/jdk.internal.reflect.NativeMethodAccessorImpl.invoke0(Native Method)
at java.base/jdk.internal.reflect.NativeMethodAccessorImpl.invoke(NativeMethodAccessorImpl.java:62)
at java.base/jdk.internal.reflect.DelegatingMethodAccessorImpl.invoke(DelegatingMethodAccessorImpl.java:43)
at java.base/java.lang.reflect.Method.invoke(Method.java:566)
at org.testng.internal.MethodInvocationHelper.invokeMethod(MethodInvocationHelper.java:124)
at org.testng.internal.Invoker.invokeMethod(Invoker.java:580)
at org.testng.internal.Invoker.invokeTestMethod(Invoker.java:716)
at org.testng.internal.Invoker.invokeTestMethods(Invoker.java:988)
at org.testng.internal.TestMethodWorker.invokeTestMethods(TestMethodWorker.java:125)
at org.testng.internal.TestMethodWorker.run(TestMethodWorker.java:109)
at org.testng.TestRunner.privateRun(TestRunner.java:648)
at org.testng.TestRunner.run(TestRunner.java:505)
at org.testng.SuiteRunner.runTest(SuiteRunner.java:455)
at org.testng.SuiteRunner.runSequentially(SuiteRunner.java:450)
at org.testng.SuiteRunner.privateRun(SuiteRunner.java:415)
at org.testng.SuiteRunner.run(SuiteRunner.java:364)
at org.testng.SuiteRunnerWorker.runSuite(SuiteRunnerWorker.java:52)
at org.testng.SuiteRunnerWorker.run(SuiteRunnerWorker.java:84)
at org.testng.TestNG.runSuitesSequentially(TestNG.java:1208)
at org.testng.TestNG.runSuitesLocally(TestNG.java:1137)
at org.testng.TestNG.runSuites(TestNG.java:1049)
at org.testng.TestNG.run(TestNG.java:1017)
at org.testng.remote.AbstractRemoteTestNG.run(AbstractRemoteTestNG.java:114)
at org.testng.remote.RemoteTestNG.initAndRun(RemoteTestNG.java:251)
at org.testng.remote.RemoteTestNG.main(RemoteTestNG.java:77)
]]>
            </full-stacktrace>
          </exception> <!-- java.lang.AssertionError -->
          <reporter-output>
          </reporter-output>
        </test-method> <!-- verifyBusSearchFunctionWorkingForPastDate -->
        <test-method is-config="true" signature="afterMethod()[pri:0, instance:seleniumPack.AbhibusTest@2b4bac49]" started-at="2022-05-27T01:36:08Z" name="afterMethod" finished-at="2022-05-27T01:36:10Z" duration-ms="2116" status="PASS">
          <reporter-output>
          </reporter-output>
        </test-method> <!-- afterMethod -->
      </class> <!-- seleniumPack.AbhibusTest -->
    </test> <!-- Regression Test with chrome -->
    <test started-at="2022-05-27T01:36:11Z" name="Regression Test with firefox" finished-at="2022-05-27T01:36:39Z" duration-ms="27995">
      <class name="seleniumPack.AbhibusTest">
        <test-method is-config="true" signature="beforeMethod(java.lang.String)[pri:0, instance:seleniumPack.AbhibusTest@41c2284a]" started-at="2022-05-27T01:36:11Z" name="beforeMethod" finished-at="2022-05-27T01:36:28Z" duration-ms="17457" status="PASS">
          <params>
            <param index="0">
              <value>
                <![CDATA[firefox]]>
              </value>
            </param>
          </params>
          <reporter-output>
          </reporter-output>
        </test-method> <!-- beforeMethod -->
        <test-method signature="verifyBusSearchFunctionWorkingForPastDate()[pri:0, instance:seleniumPack.AbhibusTest@41c2284a]" started-at="2022-05-27T01:36:28Z" name="verifyBusSearchFunctionWorkingForPastDate" finished-at="2022-05-27T01:36:36Z" duration-ms="7567" status="FAIL">
          <exception class="java.lang.AssertionError">
            <message>
              <![CDATA[[Title is not matching with some conditions] 
Expecting actual:
  "AbhiBus"
to start with:
  "Chennai"
]]>
            </message>
            <full-stacktrace>
              <![CDATA[java.lang.AssertionError: [Title is not matching with some conditions] 
Expecting actual:
  "AbhiBus"
to start with:
  "Chennai"

at seleniumPack.AbhibusTest.verifyBusSearchFunctionWorkingForPastDate(AbhibusTest.java:56)
at java.base/jdk.internal.reflect.NativeMethodAccessorImpl.invoke0(Native Method)
at java.base/jdk.internal.reflect.NativeMethodAccessorImpl.invoke(NativeMethodAccessorImpl.java:62)
at java.base/jdk.internal.reflect.DelegatingMethodAccessorImpl.invoke(DelegatingMethodAccessorImpl.java:43)
at java.base/java.lang.reflect.Method.invoke(Method.java:566)
at org.testng.internal.MethodInvocationHelper.invokeMethod(MethodInvocationHelper.java:124)
at org.testng.internal.Invoker.invokeMethod(Invoker.java:580)
at org.testng.internal.Invoker.invokeTestMethod(Invoker.java:716)
at org.testng.internal.Invoker.invokeTestMethods(Invoker.java:988)
at org.testng.internal.TestMethodWorker.invokeTestMethods(TestMethodWorker.java:125)
at org.testng.internal.TestMethodWorker.run(TestMethodWorker.java:109)
at org.testng.TestRunner.privateRun(TestRunner.java:648)
at org.testng.TestRunner.run(TestRunner.java:505)
at org.testng.SuiteRunner.runTest(SuiteRunner.java:455)
at org.testng.SuiteRunner.runSequentially(SuiteRunner.java:450)
at org.testng.SuiteRunner.privateRun(SuiteRunner.java:415)
at org.testng.SuiteRunner.run(SuiteRunner.java:364)
at org.testng.SuiteRunnerWorker.runSuite(SuiteRunnerWorker.java:52)
at org.testng.SuiteRunnerWorker.run(SuiteRunnerWorker.java:84)
at org.testng.TestNG.runSuitesSequentially(TestNG.java:1208)
at org.testng.TestNG.runSuitesLocally(TestNG.java:1137)
at org.testng.TestNG.runSuites(TestNG.java:1049)
at org.testng.TestNG.run(TestNG.java:1017)
at org.testng.remote.AbstractRemoteTestNG.run(AbstractRemoteTestNG.java:114)
at org.testng.remote.RemoteTestNG.initAndRun(RemoteTestNG.java:251)
at org.testng.remote.RemoteTestNG.main(RemoteTestNG.java:77)
]]>
            </full-stacktrace>
          </exception> <!-- java.lang.AssertionError -->
          <reporter-output>
          </reporter-output>
        </test-method> <!-- verifyBusSearchFunctionWorkingForPastDate -->
        <test-method is-config="true" signature="afterMethod()[pri:0, instance:seleniumPack.AbhibusTest@41c2284a]" started-at="2022-05-27T01:36:36Z" name="afterMethod" finished-at="2022-05-27T01:36:39Z" duration-ms="2778" status="PASS">
          <reporter-output>
          </reporter-output>
        </test-method> <!-- afterMethod -->
      </class> <!-- seleniumPack.AbhibusTest -->
    </test> <!-- Regression Test with firefox -->
  </suite> <!-- Abhibus QA Automation -->
</testng-results>
